prod-003: 0.46 1.94 9.32 1/2332 3033565
prod-005: 0.23 1.86 9.14 1/2181 2781653
prod-006: 0.00 1.87 9.34 1/2339 3964752
prod-007: 0.00 1.85 9.27 1/2256 1734002
prod-008: 0.00 1.81 8.94 1/2265 3851587
prod-009: 0.16 1.89 8.95 1/2361 906105
prod-010: 0.00 1.82 9.14 1/2351 1017952
prod-011: 0.00 1.81 8.95 1/2299 916738
prod-012: 0.52 1.92 9.13 1/2139 2780092
prod-013: 0.22 1.85 9.08 2/2179 382527
prod-014: 0.00 1.80 8.95 1/2168 4036009
Node       procs -----------------------memory---------------------- ---swap-- -----io---- -system-- --------cpu-------- -----timestamp-----
            r  b         swpd         free        inact       active   si   so    bi    bo   in   cs  us  sy  id  wa  st                 CET
prod-003:  0  0            0       244216          747           48    0    0     5     0    0    0  20   2  77   0   0 2022-12-18 12:06:14
prod-005:  0  0            0       244607          682           45    0    0     5     0    0    0  15   2  84   0   0 2022-12-18 12:06:14
prod-006:  0  0            0       243841          707           46    0    0     4     0    0    0   8   1  91   0   0 2022-12-18 12:06:13
prod-007:  0  0            0       243890          674           48    0    0     3     0    0    0   8   1  91   0   0 2022-12-18 12:06:13
prod-008:  0  0            0       243869          649           45    0    0     2     3    0    0   4   1  95   0   0 2022-12-18 12:06:14
prod-009:  0  0            0       243880          699           50    0    0     1     0    0    0   4   0  96   0   0 2022-12-18 12:06:14
prod-010:  0  0            0       244116          717           56    0    0     1     0    0    0   2   0  97   0   0 2022-12-18 12:06:14
prod-011:  0  0            0       244297          645           46    0    0     1     0    0    0   3   0  97   0   0 2022-12-18 12:06:13
prod-012:  0  0            0       244488          625           44    0    0     1     0    0    0   3   0  97   0   0 2022-12-18 12:06:13
prod-013:  0  0            0       244826          590           51    0    0     0     0    0    0   4   0  96   0   0 2022-12-18 12:06:14
prod-014:  0  0            0       244998          583           45    0    0     0     0    0    0   4   0  96   0   0 2022-12-18 12:06:14
prod-003: 0.58 1.94 9.28 1/2338 3033745
prod-005: 0.21 1.83 9.09 2/2183 2781829
prod-006: 0.07 1.82 9.24 1/2339 3964929
prod-007: 0.00 1.79 9.17 1/2257 1734177
prod-008: 0.00 1.75 8.85 1/2266 3851764
prod-009: 0.14 1.82 8.86 1/2362 906280
prod-010: 0.00 1.76 9.04 1/2352 1018127
prod-011: 0.00 1.75 8.86 1/2297 916913
prod-012: 0.48 1.89 9.08 1/2140 2780269
prod-013: 0.34 1.82 8.99 1/2180 382705
prod-014: 0.00 1.74 8.85 2/2170 4036189
Node       procs -----------------------memory---------------------- ---swap-- -----io---- -system-- --------cpu-------- -----timestamp-----
            r  b         swpd         free        inact       active   si   so    bi    bo   in   cs  us  sy  id  wa  st                 CET
prod-003:  0  0            0       244137          745           50    0    0     5     0    0    0  20   2  77   0   0 2022-12-18 12:06:22
prod-005:  0  0            0       244608          682           46    0    0     5     0    0    0  15   2  84   0   0 2022-12-18 12:06:22
prod-006:  0  0            0       243840          706           47    0    0     4     0    0    0   8   1  91   0   0 2022-12-18 12:06:22
prod-007:  0  0            0       243889          675           50    0    0     3     0    0    0   8   1  91   0   0 2022-12-18 12:06:22
prod-008:  0  0            0       243865          652           47    0    0     2     3    0    0   4   1  95   0   0 2022-12-18 12:06:22
prod-009:  0  0            0       243883          696           54    0    0     1     0    0    0   4   0  96   0   0 2022-12-18 12:06:22
prod-010:  0  0            0       244115          717           57    0    0     1     0    0    0   2   0  97   0   0 2022-12-18 12:06:22
prod-011:  0  0            0       244296          645           47    0    0     1     0    0    0   3   0  97   0   0 2022-12-18 12:06:22
prod-012:  0  0            0       244485          626           45    0    0     1     0    0    0   3   0  97   0   0 2022-12-18 12:06:22
prod-013:  0  0            0       244826          589           52    0    0     0     0    0    0   4   0  96   0   0 2022-12-18 12:06:22
prod-014:  0  0            0       244998          582           47    0    0     0     0    0    0   4   0  96   0   0 2022-12-18 12:06:22
prod-003: 1.47 2.09 9.25 3/2344 3033927
prod-005: 0.25 1.78 9.00 3/2185 2782007
prod-006: 0.14 1.78 9.15 1/2341 3965107
prod-007: 0.08 1.75 9.08 1/2258 1734354
prod-008: 0.08 1.74 8.80 1/2267 3851941
prod-009: 0.21 1.81 8.82 1/2363 906457
prod-010: 0.08 1.72 8.95 1/2354 1018305
prod-011: 0.00 1.73 8.81 1/2298 917090
prod-012: 0.40 1.83 8.98 1/2140 2780445
prod-013: 0.31 1.79 8.95 1/2180 382881
prod-014: 0.08 1.72 8.81 1/2172 4036365
Node       procs -----------------------memory---------------------- ---swap-- -----io---- -system-- --------cpu-------- -----timestamp-----
            r  b         swpd         free        inact       active   si   so    bi    bo   in   cs  us  sy  id  wa  st                 CET
prod-003:  1  0            0       244057          745           50    0    0     5     0    0    0  20   2  77   0   0 2022-12-18 12:06:29
prod-005:  0  0            0       244607          681           46    0    0     5     0    0    0  15   2  84   0   0 2022-12-18 12:06:29
prod-006:  0  0            0       243845          704           50    0    0     4     0    0    0   8   1  91   0   0 2022-12-18 12:06:29
prod-007:  0  0            0       243886          680           50    0    0     3     0    0    0   8   1  91   0   0 2022-12-18 12:06:29
prod-008:  0  0            0       243865          652           47    0    0     2     3    0    0   4   1  95   0   0 2022-12-18 12:06:29
prod-009:  0  0            0       243882          697           54    0    0     1     0    0    0   4   0  96   0   0 2022-12-18 12:06:29
prod-010:  0  0            0       244114          718           57    0    0     1     0    0    0   2   0  97   0   0 2022-12-18 12:06:29
prod-011:  0  0            0       244297          646           47    0    0     1     0    0    0   3   0  97   0   0 2022-12-18 12:06:29
prod-012:  0  0            0       244488          625           46    0    0     1     0    0    0   3   0  97   0   0 2022-12-18 12:06:29
prod-013:  0  0            0       244830          588           55    0    0     0     0    0    0   4   0  96   0   0 2022-12-18 12:06:29
prod-014:  0  0            0       244998          581           47    0    0     0     0    0    0   4   0  96   0   0 2022-12-18 12:06:29
prod-003: 1.51 2.09 9.21 1/2346 3034103
prod-005: 0.23 1.75 8.95 1/2185 2782181
prod-006: 0.13 1.75 9.10 1/2342 3965282
prod-007: 0.15 1.74 9.03 1/2259 1734529
prod-008: 0.14 1.70 8.72 1/2267 3852117
prod-009: 0.17 1.75 8.72 1/2363 906632
prod-010: 0.07 1.69 8.90 1/2354 1018481
prod-011: 0.08 1.68 8.72 1/2298 917264
prod-012: 0.37 1.80 8.94 2/2141 2780622
prod-013: 0.29 1.76 8.90 1/2180 383055
prod-014: 0.07 1.67 8.71 1/2173 4036542
Node       procs -----------------------memory---------------------- ---swap-- -----io---- -system-- --------cpu-------- -----timestamp-----
            r  b         swpd         free        inact       active   si   so    bi    bo   in   cs  us  sy  id  wa  st                 CET
prod-003:  2  0            0       243978          746           50    0    0     5     0    0    0  20   2  77   0   0 2022-12-18 12:06:36
prod-005:  0  0            0       244608          682           46    0    0     5     0    0    0  15   2  84   0   0 2022-12-18 12:06:36
prod-006:  0  0            0       243846          705           50    0    0     4     0    0    0   8   1  91   0   0 2022-12-18 12:06:36
prod-007:  0  0            0       243889          678           50    0    0     3     0    0    0   8   1  91   0   0 2022-12-18 12:06:36
prod-008:  0  0            0       243865          652           47    0    0     2     3    0    0   4   1  95   0   0 2022-12-18 12:06:36
prod-009:  0  0            0       243883          697           54    0    0     1     0    0    0   4   0  96   0   0 2022-12-18 12:06:36
prod-010:  0  0            0       244113          718           57    0    0     1     0    0    0   2   0  97   0   0 2022-12-18 12:06:36
prod-011:  0  0            0       244298          644           48    0    0     1     0    0    0   3   0  97   0   0 2022-12-18 12:06:36
prod-012:  0  0            0       244488          627           46    0    0     1     0    0    0   3   0  97   0   0 2022-12-18 12:06:36
prod-013:  0  0            0       244829          589           55    0    0     0     0    0    0   4   0  96   0   0 2022-12-18 12:06:36
prod-014:  0  0            0       244999          581           47    0    0     0     0    0    0   4   0  96   0   0 2022-12-18 12:06:36
prod-003: 1.83 2.13 9.15 5/2348 3034281
prod-005: 0.19 1.70 8.86 1/2187 2782359
prod-006: 0.19 1.71 9.00 1/2343 3965459
prod-007: 0.21 1.70 8.94 3/2261 1734707
prod-008: 0.13 1.67 8.67 1/2268 3852294
prod-009: 0.16 1.72 8.67 1/2364 906809
prod-010: 0.22 1.67 8.82 1/2354 1018657
prod-011: 0.07 1.66 8.67 1/2300 917442
prod-012: 0.31 1.74 8.84 1/2141 2780796
prod-013: 0.32 1.72 8.81 1/2180 383231
prod-014: 0.06 1.64 8.66 1/2174 4036717
Node       procs -----------------------memory---------------------- ---swap-- -----io---- -system-- --------cpu-------- -----timestamp-----
            r  b         swpd         free        inact       active   si   so    bi    bo   in   cs  us  sy  id  wa  st                 CET
prod-003:  1  0            0       243901          746           50    0    0     5     0    0    0  20   2  77   0   0 2022-12-18 12:06:44
prod-005:  0  0            0       244607          682           46    0    0     5     0    0    0  15   2  84   0   0 2022-12-18 12:06:44
prod-006:  0  0            0       243846          705           50    0    0     4     0    0    0   8   1  91   0   0 2022-12-18 12:06:44
prod-007:  0  0            0       243890          678           50    0    0     3     0    0    0   8   1  91   0   0 2022-12-18 12:06:44
prod-008:  0  0            0       243866          652           47    0    0     2     3    0    0   4   1  95   0   0 2022-12-18 12:06:44
prod-009:  0  0            0       243883          698           54    0    0     1     0    0    0   4   0  96   0   0 2022-12-18 12:06:44
prod-010:  0  0            0       244112          718           57    0    0     1     0    0    0   2   0  97   0   0 2022-12-18 12:06:44
prod-011:  0  0            0       244296          646           48    0    0     1     0    0    0   3   0  97   0   0 2022-12-18 12:06:44
prod-012:  0  0            0       244487          626           46    0    0     1     0    0    0   3   0  97   0   0 2022-12-18 12:06:44
prod-013:  0  0            0       244830          589           55    0    0     0     0    0    0   4   0  96   0   0 2022-12-18 12:06:44
prod-014:  0  0            0       244996          583           47    0    0     0     0    0    0   4   0  96   0   0 2022-12-18 12:06:44
prod-003: 1.92 2.15 9.12 2/2348 3034455
prod-005: 0.18 1.67 8.81 1/2188 2782536
prod-006: 0.17 1.68 8.96 1/2344 3965634
prod-007: 0.19 1.67 8.89 1/2261 1734883
prod-008: 0.18 1.63 8.58 1/2269 3852469
prod-009: 0.13 1.66 8.58 1/2364 906985
prod-010: 0.20 1.64 8.77 1/2355 1018832
prod-011: 0.06 1.60 8.58 1/2301 917617
prod-012: 0.37 1.72 8.80 1/2143 2780976
prod-013: 0.35 1.68 8.72 1/2180 383405
prod-014: 0.05 1.58 8.57 1/2175 4036894
Node       procs -----------------------memory---------------------- ---swap-- -----io---- -system-- --------cpu-------- -----timestamp-----
            r  b         swpd         free        inact       active   si   so    bi    bo   in   cs  us  sy  id  wa  st                 CET
prod-003:  1  0            0       243821          746           50    0    0     5     0    0    0  20   2  77   0   0 2022-12-18 12:06:52
prod-005:  0  0            0       244608          681           46    0    0     5     0    0    0  15   2  84   0   0 2022-12-18 12:06:52
prod-006:  0  0            0       243846          705           50    0    0     4     0    0    0   8   1  91   0   0 2022-12-18 12:06:52
prod-007:  1  0            0       243892          678           50    0    0     3     0    0    0   8   1  91   0   0 2022-12-18 12:06:52
prod-008:  0  0            0       243866          652           47    0    0     2     3    0    0   4   1  95   0   0 2022-12-18 12:06:52
prod-009:  0  0            0       243882          697           54    0    0     1     0    0    0   4   0  96   0   0 2022-12-18 12:06:52
prod-010:  0  0            0       244115          717           57    0    0     1     0    0    0   2   0  97   0   0 2022-12-18 12:06:52
prod-011:  0  0            0       244297          645           48    0    0     1     0    0    0   3   0  97   0   0 2022-12-18 12:06:52
prod-012:  0  0            0       244489          627           46    0    0     1     0    0    0   3   0  97   0   0 2022-12-18 12:06:52
prod-013:  0  0            0       244829          589           55    0    0     0     0    0    0   4   0  96   0   0 2022-12-18 12:06:52
prod-014:  0  0            0       244998          581           47    0    0     0     0    0    0   4   0  96   0   0 2022-12-18 12:06:52
prod-003: 1.78 2.11 9.03 2/2350 3034633
prod-005: 0.15 1.61 8.71 1/2189 2782713
prod-006: 0.23 1.64 8.87 1/2344 3965810
prod-007: 0.24 1.63 8.80 1/2263 1735061
prod-008: 0.25 1.62 8.54 1/2269 3852645
prod-009: 0.20 1.65 8.54 1/2365 907162
prod-010: 0.18 1.61 8.72 1/2357 1019010
prod-011: 0.06 1.57 8.53 1/2302 917794
prod-012: 0.31 1.67 8.70 1/2143 2781150
prod-013: 0.32 1.65 8.67 1/2181 383582
prod-014: 0.13 1.57 8.53 1/2175 4037068
Node       procs -----------------------memory---------------------- ---swap-- -----io---- -system-- --------cpu-------- -----timestamp-----
            r  b         swpd         free        inact       active   si   so    bi    bo   in   cs  us  sy  id  wa  st                 CET
prod-003:  0  0            0       243740          748           50    0    0     5     0    0    0  20   2  77   0   0 2022-12-18 12:06:59
prod-005:  0  0            0       244608          682           46    0    0     5     0    0    0  15   2  84   0   0 2022-12-18 12:06:59
prod-006:  0  0            0       243846          705           50    0    0     4     0    0    0   8   1  91   0   0 2022-12-18 12:06:59
prod-007:  0  0            0       243891          680           50    0    0     3     0    0    0   8   1  91   0   0 2022-12-18 12:06:59
prod-008:  0  0            0       243866          652           47    0    0     2     3    0    0   4   1  95   0   0 2022-12-18 12:06:59
prod-009:  0  0            0       243882          698           54    0    0     1     0    0    0   4   0  96   0   0 2022-12-18 12:06:59
prod-010:  0  0            0       244117          716           58    0    0     1     0    0    0   2   0  97   0   0 2022-12-18 12:06:59
prod-011:  0  0            0       244296          646           48    0    0     1     0    0    0   3   0  97   0   0 2022-12-18 12:06:59
prod-012:  0  0            0       244488          627           46    0    0     1     0    0    0   3   0  97   0   0 2022-12-18 12:06:59
prod-013:  0  0            0       244830          590           55    0    0     0     0    0    0   4   0  96   0   0 2022-12-18 12:06:59
prod-014:  0  0            0       244997          583           47    0    0     0     0    0    0   4   0  96   0   0 2022-12-18 12:06:59
prod-003: 1.88 2.12 9.00 2/2350 3034846
prod-005: 0.14 1.59 8.67 1/2190 2782927
prod-006: 0.21 1.61 8.82 1/2347 3966104
prod-007: 0.22 1.60 8.76 1/2264 1735351
prod-008: 0.21 1.57 8.45 2/2270 3852857
prod-009: 0.17 1.60 8.45 1/2365 907373
prod-010: 0.23 1.58 8.63 2/2358 1019222
prod-011: 0.05 1.52 8.44 1/2302 918005
prod-012: 0.37 1.66 8.66 1/2144 2781364
prod-013: 0.35 1.61 8.58 1/2181 383795
prod-014: 0.11 1.52 8.44 1/2175 4037281
Node       procs -----------------------memory---------------------- ---swap-- -----io---- -system-- --------cpu-------- -----timestamp-----
            r  b         swpd         free        inact       active   si   so    bi    bo   in   cs  us  sy  id  wa  st                 CET
prod-003:  1  0            0       243655          749           51    0    0     5     0    0    0  20   2  77   0   0 2022-12-18 12:07:07
prod-005:  0  0            0       244607          679           49    0    0     5     0    0    0  15   2  84   0   0 2022-12-18 12:07:07
prod-006:  0  0            0       243831          714           51    0    0     4     0    0    0   8   1  91   0   0 2022-12-18 12:07:07
prod-007:  0  0            0       243877          689           52    0    0     3     0    0    0   8   1  91   0   0 2022-12-18 12:07:07
prod-008:  0  0            0       243865          653           49    0    0     2     3    0    0   4   1  95   0   0 2022-12-18 12:07:07
prod-009:  0  0            0       243882          696           55    0    0     1     0    0    0   4   0  96   0   0 2022-12-18 12:07:07
prod-010:  0  0            0       244112          718           59    0    0     1     0    0    0   2   0  97   0   0 2022-12-18 12:07:07
prod-011:  0  0            0       244293          646           49    0    0     1     0    0    0   3   0  97   0   0 2022-12-18 12:07:07
prod-012:  0  0            0       244489          626           47    0    0     1     0    0    0   3   0  97   0   0 2022-12-18 12:07:07
prod-013:  0  0            0       244826          589           56    0    0     0     0    0    0   4   0  96   0   0 2022-12-18 12:07:07
prod-014:  0  0            0       244993          583           48    0    0     0     0    0    0   4   0  96   0   0 2022-12-18 12:07:07
prod-003: 1.74 2.09 8.91 2/2351 3035025
prod-005: 0.12 1.53 8.57 1/2190 2783103
prod-006: 0.26 1.58 8.73 1/2347 3966280
prod-007: 0.27 1.57 8.67 1/2263 1735527
prod-008: 0.27 1.56 8.41 2/2270 3853033
prod-009: 0.24 1.59 8.41 1/2367 907551
prod-010: 0.27 1.54 8.54 1/2359 1019399
prod-011: 0.04 1.50 8.40 1/2302 918183
prod-012: 0.31 1.60 8.57 1/2146 2781540
prod-013: 0.32 1.59 8.54 1/2183 383973
prod-014: 0.18 1.51 8.40 1/2176 4037456
Node       procs -----------------------memory---------------------- ---swap-- -----io---- -system-- --------cpu-------- -----timestamp-----
            r  b         swpd         free        inact       active   si   so    bi    bo   in   cs  us  sy  id  wa  st                 CET
prod-003:  1  0            0       243591          749           52    0    0     5     0    0    0  20   2  77   0   0 2022-12-18 12:07:14
prod-005:  0  0            0       244607          682           49    0    0     5     0    0    0  15   2  84   0   0 2022-12-18 12:07:14
prod-006:  0  0            0       243831          716           51    0    0     4     0    0    0   8   1  91   0   0 2022-12-18 12:07:14
prod-007:  0  0            0       243877          689           52    0    0     3     0    0    0   8   1  91   0   0 2022-12-18 12:07:14
prod-008:  0  0            0       243865          653           49    0    0     2     3    0    0   4   1  95   0   0 2022-12-18 12:07:14
prod-009:  0  0            0       243880          698           55    0    0     1     0    0    0   4   0  96   0   0 2022-12-18 12:07:14
prod-010:  0  0            0       244112          720           59    0    0     1     0    0    0   2   0  97   0   0 2022-12-18 12:07:14
prod-011:  0  0            0       244292          648           49    0    0     1     0    0    0   3   0  97   0   0 2022-12-18 12:07:14
prod-012:  0  0            0       244490          624           47    0    0     1     0    0    0   3   0  97   0   0 2022-12-18 12:07:14
prod-013:  0  0            0       244827          589           56    0    0     0     0    0    0   4   0  96   0   0 2022-12-18 12:07:14
prod-014:  0  0            0       244996          582           48    0    0     0     0    0    0   4   0  96   0   0 2022-12-18 12:07:14
prod-003: 1.84 2.10 8.88 3/2352 3035200
prod-005: 0.11 1.51 8.53 1/2192 2783279
prod-006: 0.24 1.55 8.68 1/2347 3966457
prod-007: 0.25 1.54 8.62 1/2264 1735702
prod-008: 0.23 1.51 8.32 1/2272 3853211
prod-009: 0.20 1.53 8.32 1/2368 907726
prod-010: 0.25 1.51 8.50 1/2359 1019573
prod-011: 0.04 1.45 8.31 1/2302 918357
prod-012: 0.45 1.61 8.53 1/2146 2781716
prod-013: 0.35 1.55 8.45 1/2184 384150
prod-014: 0.15 1.46 8.31 1/2176 4037634
Node       procs -----------------------memory---------------------- ---swap-- -----io---- -system-- --------cpu-------- -----timestamp-----
            r  b         swpd         free        inact       active   si   so    bi    bo   in   cs  us  sy  id  wa  st                 CET
prod-003: 10  0            0       243508          753           52    0    0     5     0    0    0  20   2  77   0   0 2022-12-18 12:07:22
prod-005:  0  0            0       244606          682           49    0    0     5     0    0    0  15   2  84   0   0 2022-12-18 12:07:22
prod-006:  0  0            0       243830          716           51    0    0     4     0    0    0   8   1  91   0   0 2022-12-18 12:07:22
prod-007:  0  0            0       243876          688           52    0    0     3     0    0    0   8   1  91   0   0 2022-12-18 12:07:22
prod-008:  0  0            0       243866          653           49    0    0     2     3    0    0   4   1  95   0   0 2022-12-18 12:07:22
prod-009:  0  0            0       243882          698           55    0    0     1     0    0    0   4   0  96   0   0 2022-12-18 12:07:22
prod-010:  1  0            0       244113          718           59    0    0     1     0    0    0   2   0  97   0   0 2022-12-18 12:07:22
prod-011:  0  0            0       244293          649           49    0    0     1     0    0    0   3   0  97   0   0 2022-12-18 12:07:22
prod-012:  0  0            0       244489          626           47    0    0     1     0    0    0   3   0  97   0   0 2022-12-18 12:07:22
prod-013:  0  0            0       244826          590           56    0    0     0     0    0    0   4   0  96   0   0 2022-12-18 12:07:22
prod-014:  0  0            0       244996          582           48    0    0     0     0    0    0   4   0  96   0   0 2022-12-18 12:07:22
prod-003: 1.71 2.07 8.80 5/2352 3035376
prod-005: 0.09 1.46 8.43 1/2193 2783456
prod-006: 0.20 1.50 8.59 1/2349 3966635
prod-007: 0.29 1.50 8.53 2/2265 1735879
prod-008: 0.37 1.52 8.28 1/2273 3853388
prod-009: 0.27 1.52 8.28 1/2368 907902
prod-010: 0.29 1.48 8.41 5/2360 1019750
prod-011: 0.03 1.42 8.26 1/2303 918534
prod-012: 0.38 1.55 8.44 1/2147 2781891
prod-013: 0.33 1.52 8.40 1/2185 384327
prod-014: 0.22 1.45 8.27 1/2177 4037809
Node       procs -----------------------memory---------------------- ---swap-- -----io---- -system-- --------cpu-------- -----timestamp-----
            r  b         swpd         free        inact       active   si   so    bi    bo   in   cs  us  sy  id  wa  st                 CET
prod-003:  0  0            0       243427          752           52    0    0     5     0    0    0  20   2  77   0   0 2022-12-18 12:07:29
prod-005:  0  0            0       244606          681           49    0    0     5     0    0    0  15   2  84   0   0 2022-12-18 12:07:29
prod-006:  0  0            0       243832          716           51    0    0     4     0    0    0   8   1  91   0   0 2022-12-18 12:07:29
prod-007:  0  0            0       243880          687           53    0    0     3     0    0    0   8   1  91   0   0 2022-12-18 12:07:29
prod-008:  0  0            0       243866          653           49    0    0     2     3    0    0   4   1  95   0   0 2022-12-18 12:07:29
prod-009:  0  0            0       243880          700           55    0    0     1     0    0    0   4   0  96   0   0 2022-12-18 12:07:29
prod-010:  0  0            0       244112          719           59    0    0     1     0    0    0   2   0  97   0   0 2022-12-18 12:07:29
prod-011:  0  0            0       244293          648           49    0    0     1     0    0    0   3   0  97   0   0 2022-12-18 12:07:29
prod-012:  0  0            0       244491          624           47    0    0     1     0    0    0   3   0  97   0   0 2022-12-18 12:07:29
prod-013:  0  0            0       244826          590           56    0    0     0     0    0    0   4   0  96   0   0 2022-12-18 12:07:29
prod-014:  0  0            0       244996          582           48    0    0     0     0    0    0   4   0  96   0   0 2022-12-18 12:07:29
prod-003: 1.82 2.08 8.76 2/2353 3035551
prod-005: 0.08 1.43 8.39 1/2193 2783630
prod-006: 0.18 1.47 8.54 1/2349 3966809
prod-007: 0.27 1.48 8.49 1/2266 1736054
prod-008: 0.32 1.46 8.19 1/2274 3853563
prod-009: 0.22 1.47 8.19 1/2368 908076
prod-010: 0.75 1.56 8.40 1/2362 1019930
prod-011: 0.03 1.38 8.17 1/2304 918709
prod-012: 0.43 1.54 8.40 1/2148 2782068
prod-013: 0.35 1.49 8.32 1/2186 384502
prod-014: 0.18 1.41 8.18 1/2178 4037986
Node       procs -----------------------memory---------------------- ---swap-- -----io---- -system-- --------cpu-------- -----timestamp-----
            r  b         swpd         free        inact       active   si   so    bi    bo   in   cs  us  sy  id  wa  st                 CET
prod-003:  3  0            0       243350          750           52    0    0     5     0    0    0  20   2  77   0   0 2022-12-18 12:07:36
prod-005:  0  0            0       244606          681           49    0    0     5     0    0    0  15   2  84   0   0 2022-12-18 12:07:36
prod-006:  0  0            0       243834          712           53    0    0     4     0    0    0   8   1  91   0   0 2022-12-18 12:07:36
prod-007:  0  0            0       243879          688           53    0    0     3     0    0    0   8   1  91   0   0 2022-12-18 12:07:36
prod-008:  0  0            0       243866          654           49    0    0     2     3    0    0   4   1  95   0   0 2022-12-18 12:07:36
prod-009:  0  0            0       243881          699           55    0    0     1     0    0    0   4   0  96   0   0 2022-12-18 12:07:36
prod-010:  4  0            0       244115          718           59    0    0     1     0    0    0   2   0  97   0   0 2022-12-18 12:07:36
prod-011:  1  0            0       244294          646           49    0    0     1     0    0    0   3   0  97   0   0 2022-12-18 12:07:36
prod-012:  0  0            0       244490          625           47    0    0     1     0    0    0   3   0  97   0   0 2022-12-18 12:07:36
prod-013:  0  0            0       244828          589           56    0    0     0     0    0    0   4   0  96   0   0 2022-12-18 12:07:36
prod-014:  0  0            0       244995          582           48    0    0     0     0    0    0   4   0  96   0   0 2022-12-18 12:07:36
prod-003: 1.76 2.06 8.69 1/2353 3035727
prod-005: 0.07 1.38 8.30 1/2193 2783806
prod-006: 0.24 1.44 8.45 1/2349 3966985
prod-007: 0.31 1.45 8.40 1/2266 1736230
prod-008: 0.37 1.46 8.15 1/2274 3853739
prod-009: 0.29 1.47 8.15 1/2369 908253
prod-010: 0.77 1.55 8.36 1/2364 1020108
prod-011: 0.03 1.35 8.13 2/2304 918885
prod-012: 0.36 1.49 8.31 1/2149 2782243
prod-013: 0.33 1.47 8.27 1/2187 384679
prod-014: 0.25 1.40 8.14 1/2179 4038161
Node       procs -----------------------memory---------------------- ---swap-- -----io---- -system-- --------cpu-------- -----timestamp-----
            r  b         swpd         free        inact       active   si   so    bi    bo   in   cs  us  sy  id  wa  st                 CET
prod-003:  0  0            0       243269          750           52    0    0     5     0    0    0  20   2  77   0   0 2022-12-18 12:07:44
prod-005:  0  0            0       244606          683           49    0    0     5     0    0    0  15   2  84   0   0 2022-12-18 12:07:44
prod-006:  0  0            0       243833          713           53    0    0     4     0    0    0   8   1  91   0   0 2022-12-18 12:07:44
prod-007:  0  0            0       243881          687           53    0    0     3     0    0    0   8   1  91   0   0 2022-12-18 12:07:44
prod-008:  0  0            0       243867          653           49    0    0     2     3    0    0   4   1  95   0   0 2022-12-18 12:07:44
prod-009:  0  0            0       243881          701           55    0    0     1     0    0    0   4   0  96   0   0 2022-12-18 12:07:44
prod-010:  0  0            0       244113          720           59    0    0     1     0    0    0   2   0  97   0   0 2022-12-18 12:07:44
prod-011:  0  0            0       244297          646           49    0    0     1     0    0    0   3   0  97   0   0 2022-12-18 12:07:44
prod-012:  0  0            0       244488          626           47    0    0     1     0    0    0   3   0  97   0   0 2022-12-18 12:07:44
prod-013:  0  0            0       244830          589           56    0    0     0     0    0    0   4   0  96   0   0 2022-12-18 12:07:44
prod-014:  0  0            0       244994          584           48    0    0     0     0    0    0   4   0  96   0   0 2022-12-18 12:07:44
prod-003: 1.86 2.08 8.66 1/2353 3035901
prod-005: 0.06 1.36 8.25 1/2193 2783982
prod-006: 0.22 1.42 8.41 1/2349 3967159
prod-007: 0.28 1.42 8.36 2/2267 1736407
prod-008: 0.31 1.41 8.07 1/2274 3853913
prod-009: 0.24 1.42 8.06 1/2369 908429
prod-010: 0.72 1.51 8.28 1/2364 1020282
prod-011: 0.02 1.31 8.04 1/2305 919060
prod-012: 0.33 1.47 8.26 1/2149 2782421
prod-013: 0.36 1.43 8.19 1/2187 384853
prod-014: 0.21 1.35 8.05 1/2179 4038337
Node       procs -----------------------memory---------------------- ---swap-- -----io---- -system-- --------cpu-------- -----timestamp-----
            r  b         swpd         free        inact       active   si   so    bi    bo   in   cs  us  sy  id  wa  st                 CET
prod-003:  1  0            0       243205          750           52    0    0     5     0    0    0  20   2  77   0   0 2022-12-18 12:07:52
prod-005:  0  0            0       244607          680           49    0    0     5     0    0    0  15   2  84   0   0 2022-12-18 12:07:52
prod-006:  0  0            0       243832          714           53    0    0     4     0    0    0   8   1  91   0   0 2022-12-18 12:07:52
prod-007:  0  0            0       243879          689           53    0    0     3     0    0    0   8   1  91   0   0 2022-12-18 12:07:52
prod-008:  0  0            0       243867          653           49    0    0     2     3    0    0   4   1  95   0   0 2022-12-18 12:07:52
prod-009:  0  0            0       243882          700           55    0    0     1     0    0    0   4   0  96   0   0 2022-12-18 12:07:52
prod-010:  0  0            0       244114          718           59    0    0     1     0    0    0   2   0  97   0   0 2022-12-18 12:07:52
prod-011:  0  0            0       244297          646           49    0    0     1     0    0    0   3   0  97   0   0 2022-12-18 12:07:52
prod-012:  0  0            0       244490          626           47    0    0     1     0    0    0   3   0  97   0   0 2022-12-18 12:07:51
prod-013:  0  0            0       244827          591           56    0    0     0     0    0    0   4   0  96   0   0 2022-12-18 12:07:52
prod-014:  0  0            0       244995          583           48    0    0     0     0    0    0   4   0  96   0   0 2022-12-18 12:07:52
prod-003: 1.73 2.04 8.57 2/2353 3036077
prod-005: 0.05 1.32 8.17 1/2194 2784159
prod-006: 0.26 1.39 8.32 1/2350 3967336
prod-007: 0.32 1.39 8.27 1/2267 1736583
prod-008: 0.37 1.40 8.03 1/2274 3854089
prod-009: 0.38 1.43 8.03 1/2369 908605
prod-010: 0.77 1.49 8.20 1/2364 1020458
prod-011: 0.02 1.29 8.00 1/2307 919238
prod-012: 0.28 1.42 8.18 1/2150 2782596
prod-013: 0.33 1.41 8.15 1/2188 385030
prod-014: 0.27 1.35 8.02 1/2180 4038512
Node       procs -----------------------memory---------------------- ---swap-- -----io---- -system-- --------cpu-------- -----timestamp-----
            r  b         swpd         free        inact       active   si   so    bi    bo   in   cs  us  sy  id  wa  st                 CET
prod-003:  0  0            0       243124          752           52    0    0     5     0    0    0  20   2  77   0   0 2022-12-18 12:07:59
prod-005:  0  0            0       244604          681           49    0    0     5     0    0    0  15   2  84   0   0 2022-12-18 12:07:59
prod-006:  0  0            0       243833          714           53    0    0     4     0    0    0   8   1  91   0   0 2022-12-18 12:07:59
prod-007:  0  0            0       243880          688           53    0    0     3     0    0    0   8   1  91   0   0 2022-12-18 12:07:59
prod-008:  0  0            0       243865          653           49    0    0     2     3    0    0   4   1  95   0   0 2022-12-18 12:07:59
prod-009:  0  0            0       243881          700           55    0    0     1     0    0    0   4   0  96   0   0 2022-12-18 12:07:59
prod-010:  0  0            0       244115          718           59    0    0     1     0    0    0   2   0  97   0   0 2022-12-18 12:07:59
prod-011:  0  0            0       244296          648           49    0    0     1     0    0    0   3   0  97   0   0 2022-12-18 12:07:59
prod-012:  0  0            0       244490          626           47    0    0     1     0    0    0   3   0  97   0   0 2022-12-18 12:07:59
prod-013:  0  0            0       244828          590           56    0    0     0     0    0    0   4   0  96   0   0 2022-12-18 12:07:59
prod-014:  0  0            0       244995          583           48    0    0     0     0    0    0   4   0  96   0   0 2022-12-18 12:07:59
prod-003: 1.75 2.04 8.54 1/2355 3036368
prod-005: 0.05 1.29 8.12 1/2195 2784371
prod-006: 0.24 1.36 8.28 1/2350 3967547
prod-007: 0.29 1.37 8.23 1/2267 1736794
prod-008: 0.31 1.36 7.94 2/2274 3854300
prod-009: 0.32 1.38 7.94 1/2370 908817
prod-010: 0.71 1.47 8.15 1/2364 1020669
prod-011: 0.09 1.26 7.92 1/2308 919452
prod-012: 0.34 1.41 8.14 1/2151 2782810
prod-013: 0.44 1.40 8.07 1/2189 385320
prod-014: 0.23 1.30 7.93 1/2181 4038806
Node       procs -----------------------memory---------------------- ---swap-- -----io---- -system-- --------cpu-------- -----timestamp-----
            r  b         swpd         free        inact       active   si   so    bi    bo   in   cs  us  sy  id  wa  st                 CET
prod-003:  1  0            0       243030          760           53    0    0     5     0    0    0  20   2  77   0   0 2022-12-18 12:08:07
prod-005:  0  0            0       244605          681           49    0    0     5     0    0    0  15   2  84   0   0 2022-12-18 12:08:07
prod-006:  0  0            0       243831          713           53    0    0     4     0    0    0   8   1  91   0   0 2022-12-18 12:08:07
prod-007:  0  0            0       243877          689           53    0    0     3     0    0    0   8   1  91   0   0 2022-12-18 12:08:07
prod-008:  0  0            0       243865          653           49    0    0     2     3    0    0   4   1  95   0   0 2022-12-18 12:08:07
prod-009:  0  0            0       243880          701           55    0    0     1     0    0    0   4   0  96   0   0 2022-12-18 12:08:07
prod-010:  1  0            0       244111          721           59    0    0     1     0    0    0   2   0  97   0   0 2022-12-18 12:08:07
prod-011:  0  0            0       244296          646           49    0    0     1     0    0    0   3   0  97   0   0 2022-12-18 12:08:07
prod-012:  0  0            0       244489          628           47    0    0     1     0    0    0   3   0  97   0   0 2022-12-18 12:08:07
prod-013:  0  0            0       244820          594           58    0    0     0     0    0    0   4   0  96   0   0 2022-12-18 12:08:07
prod-014:  0  0            0       244983          590           50    0    0     0     0    0    0   4   0  96   0   0 2022-12-18 12:08:07
prod-003: 1.71 2.02 8.46 2/2355 3036546
prod-005: 0.04 1.25 8.03 1/2197 2784588
prod-006: 0.20 1.32 8.19 1/2351 3967724
prod-007: 0.25 1.32 8.14 1/2268 1736971
prod-008: 0.37 1.35 7.90 1/2275 3854477
prod-009: 0.38 1.37 7.91 2/2371 908994
prod-010: 0.68 1.44 8.07 2/2363 1020846
prod-011: 0.08 1.24 7.87 1/2309 919631
prod-012: 0.36 1.38 8.05 1/2151 2782984
prod-013: 0.40 1.37 8.03 1/2190 385497
prod-014: 0.29 1.30 7.89 1/2181 4038980
Node       procs -----------------------memory---------------------- ---swap-- -----io---- -system-- --------cpu-------- -----timestamp-----
            r  b         swpd         free        inact       active   si   so    bi    bo   in   cs  us  sy  id  wa  st                 CET
prod-003:  0  0            0       242935          759           53    0    0     5     0    0    0  20   2  77   0   0 2022-12-18 12:08:14
prod-005:  0  0            0       244597          687           50    0    0     5     0    0    0  15   2  84   0   0 2022-12-18 12:08:14
prod-006:  0  0            0       243830          714           53    0    0     4     0    0    0   8   1  91   0   0 2022-12-18 12:08:14
prod-007:  0  0            0       243879          688           53    0    0     3     0    0    0   8   1  91   0   0 2022-12-18 12:08:14
prod-008:  0  0            0       243866          652           49    0    0     2     3    0    0   4   1  95   0   0 2022-12-18 12:08:14
prod-009:  1  0            0       243879          702           55    0    0     1     0    0    0   4   0  96   0   0 2022-12-18 12:08:14
prod-010:  0  0            0       244110          721           59    0    0     1     0    0    0   2   0  97   0   0 2022-12-18 12:08:14
prod-011:  0  0            0       244295          649           49    0    0     1     0    0    0   3   0  97   0   0 2022-12-18 12:08:14
prod-012:  0  0            0       244491          627           47    0    0     1     0    0    0   3   0  97   0   0 2022-12-18 12:08:14
prod-013:  1  0            0       244822          594           58    0    0     0     0    0    0   4   0  96   0   0 2022-12-18 12:08:14
prod-014:  0  0            0       244985          590           50    0    0     0     0    0    0   4   0  96   0   0 2022-12-18 12:08:14
prod-003: 1.73 2.02 8.43 2/2355 3036720
prod-005: 0.04 1.23 7.99 1/2198 2784763
prod-006: 0.19 1.30 8.14 1/2352 3967901
prod-007: 0.23 1.30 8.09 1/2268 1737145
prod-008: 0.31 1.30 7.82 1/2275 3854653
prod-009: 0.39 1.34 7.83 1/2372 909169
prod-010: 0.62 1.41 8.03 1/2363 1021020
prod-011: 0.07 1.20 7.79 1/2309 919805
prod-012: 0.41 1.38 8.02 1/2151 2783160
prod-013: 0.42 1.34 7.94 1/2190 385673
prod-014: 0.25 1.25 7.81 1/2182 4039159
Node       procs -----------------------memory---------------------- ---swap-- -----io---- -system-- --------cpu-------- -----timestamp-----
            r  b         swpd         free        inact       active   si   so    bi    bo   in   cs  us  sy  id  wa  st                 CET
prod-003:  1  0            0       242870          759           53    0    0     5     0    0    0  20   2  77   0   0 2022-12-18 12:08:22
prod-005:  0  0            0       244596          688           50    0    0     5     0    0    0  15   2  84   0   0 2022-12-18 12:08:22
prod-006:  0  0            0       243830          713           53    0    0     4     0    0    0   8   1  91   0   0 2022-12-18 12:08:22
prod-007:  0  0            0       243878          689           53    0    0     3     0    0    0   8   1  91   0   0 2022-12-18 12:08:22
prod-008:  0  0            0       243866          652           49    0    0     2     3    0    0   4   1  95   0   0 2022-12-18 12:08:22
prod-009:  0  0            0       243882          701           55    0    0     1     0    0    0   4   0  96   0   0 2022-12-18 12:08:22
prod-010:  0  0            0       244110          722           59    0    0     1     0    0    0   2   0  97   0   0 2022-12-18 12:08:22
prod-011:  0  0            0       244295          648           49    0    0     1     0    0    0   3   0  97   0   0 2022-12-18 12:08:22
prod-012:  0  0            0       244491          626           47    0    0     1     0    0    0   3   0  97   0   0 2022-12-18 12:08:22
prod-013:  0  0            0       244823          595           58    0    0     0     0    0    0   4   0  96   0   0 2022-12-18 12:08:22
prod-014:  0  0            0       244987          591           50    0    0     0     0    0    0   4   0  96   0   0 2022-12-18 12:08:22
prod-003: 1.70 2.00 8.35 1/2355 3036896
prod-005: 0.03 1.19 7.90 1/2198 2784939
prod-006: 0.16 1.25 8.06 1/2353 3968078
prod-007: 0.19 1.26 8.01 1/2268 1737321
prod-008: 0.34 1.28 7.74 1/2275 3854829
prod-009: 0.44 1.34 7.79 1/2372 909345
prod-010: 0.61 1.38 7.95 1/2363 1021196
prod-011: 0.06 1.18 7.75 1/2309 919981
prod-012: 0.35 1.33 7.93 1/2151 2783334
prod-013: 0.39 1.32 7.90 1/2188 385849
prod-014: 0.23 1.23 7.76 1/2183 4039334
Node       procs -----------------------memory---------------------- ---swap-- -----io---- -system-- --------cpu-------- -----timestamp-----
            r  b         swpd         free        inact       active   si   so    bi    bo   in   cs  us  sy  id  wa  st                 CET
prod-003:  0  0            0       242792          759           53    0    0     5     0    0    0  20   2  77   0   0 2022-12-18 12:08:29
prod-005:  0  0            0       244595          689           50    0    0     5     0    0    0  15   2  84   0   0 2022-12-18 12:08:29
prod-006:  0  0            0       243831          714           53    0    0     4     0    0    0   8   1  91   0   0 2022-12-18 12:08:29
prod-007:  0  0            0       243880          686           53    0    0     3     0    0    0   8   1  91   0   0 2022-12-18 12:08:29
prod-008:  0  0            0       243865          653           49    0    0     2     3    0    0   4   1  95   0   0 2022-12-18 12:08:29
prod-009:  0  0            0       243884          699           56    0    0     1     0    0    0   4   0  96   0   0 2022-12-18 12:08:29
prod-010:  0  0            0       244111          722           59    0    0     1     0    0    0   2   0  97   0   0 2022-12-18 12:08:29
prod-011:  0  0            0       244296          648           49    0    0     1     0    0    0   3   0  97   0   0 2022-12-18 12:08:29
prod-012:  0  0            0       244490          626           47    0    0     1     0    0    0   3   0  97   0   0 2022-12-18 12:08:29
prod-013:  0  0            0       244823          596           58    0    0     0     0    0    0   4   0  96   0   0 2022-12-18 12:08:29
prod-014:  0  0            0       244985          592           50    0    0     0     0    0    0   4   0  96   0   0 2022-12-18 12:08:29
prod-003: 1.96 2.05 8.33 3/2355 3037070
prod-005: 0.03 1.17 7.86 1/2198 2785113
prod-006: 0.15 1.23 8.01 1/2354 3968253
prod-007: 0.18 1.24 7.96 1/2268 1737495
prod-008: 0.31 1.26 7.70 1/2275 3855003
prod-009: 0.37 1.29 7.70 1/2373 909520
prod-010: 0.56 1.36 7.90 1/2363 1021372
prod-011: 0.05 1.14 7.66 1/2309 920155
prod-012: 0.40 1.32 7.89 1/2151 2783510
prod-013: 0.41 1.29 7.82 1/2189 386024
prod-014: 0.19 1.19 7.68 1/2185 4039513
Node       procs -----------------------memory---------------------- ---swap-- -----io---- -system-- --------cpu-------- -----timestamp-----
            r  b         swpd         free        inact       active   si   so    bi    bo   in   cs  us  sy  id  wa  st                 CET
prod-003:  2  0            0       242727          761           53    0    0     5     0    0    0  20   2  77   0   0 2022-12-18 12:08:37
prod-005:  0  0            0       244595          688           50    0    0     5     0    0    0  15   2  84   0   0 2022-12-18 12:08:37
prod-006:  0  0            0       243831          714           53    0    0     4     0    0    0   8   1  91   0   0 2022-12-18 12:08:37
prod-007:  0  0            0       243880          687           53    0    0     3     0    0    0   8   1  91   0   0 2022-12-18 12:08:37
prod-008:  0  0            0       243865          653           49    0    0     2     3    0    0   4   1  95   0   0 2022-12-18 12:08:37
prod-009:  0  0            0       243883          699           56    0    0     1     0    0    0   4   0  96   0   0 2022-12-18 12:08:37
prod-010:  0  0            0       244110          721           59    0    0     1     0    0    0   2   0  97   0   0 2022-12-18 12:08:37
prod-011:  0  0            0       244296          648           49    0    0     1     0    0    0   3   0  97   0   0 2022-12-18 12:08:37
prod-012:  0  0            0       244490          627           47    0    0     1     0    0    0   3   0  97   0   0 2022-12-18 12:08:37
prod-013:  0  0            0       244824          596           58    0    0     0     0    0    0   4   0  96   0   0 2022-12-18 12:08:37
prod-014:  0  0            0       244988          591           50    0    0     0     0    0    0   4   0  96   0   0 2022-12-18 12:08:37
prod-003: 2.12 2.09 8.28 1/2355 3037246
prod-005: 0.02 1.13 7.78 1/2198 2785289
prod-006: 0.36 1.24 7.94 1/2355 3968430
prod-007: 0.23 1.21 7.88 1/2268 1737671
prod-008: 0.37 1.25 7.66 1/2275 3855179
prod-009: 0.42 1.29 7.67 1/2373 909696
prod-010: 0.51 1.34 7.86 2/2363 1021587
prod-011: 0.05 1.12 7.62 1/2310 920332
prod-012: 0.34 1.28 7.81 1/2151 2783684
prod-013: 0.37 1.27 7.78 1/2189 386200
prod-014: 0.26 1.19 7.64 1/2185 4039687
Node       procs -----------------------memory---------------------- ---swap-- -----io---- -system-- --------cpu-------- -----timestamp-----
            r  b         swpd         free        inact       active   si   so    bi    bo   in   cs  us  sy  id  wa  st                 CET
prod-003:  1  0            0       242662          760           53    0    0     5     0    0    0  20   2  77   0   0 2022-12-18 12:08:44
prod-005:  0  0            0       244595          689           50    0    0     5     0    0    0  15   2  84   0   0 2022-12-18 12:08:44
prod-006:  0  0            0       243833          713           53    0    0     4     0    0    0   8   1  91   0   0 2022-12-18 12:08:44
prod-007:  0  0            0       243879          688           53    0    0     3     0    0    0   8   1  91   0   0 2022-12-18 12:08:44
prod-008:  0  0            0       243865          652           49    0    0     2     3    0    0   4   1  95   0   0 2022-12-18 12:08:44
prod-009:  0  0            0       243882          700           56    0    0     1     0    0    0   4   0  96   0   0 2022-12-18 12:08:44
prod-010:  0  0            0       244107          722           60    0    0     1     0    0    0   2   0  97   0   0 2022-12-18 12:08:44
prod-011:  0  0            0       244297          648           50    0    0     1     0    0    0   3   0  97   0   0 2022-12-18 12:08:44
prod-012:  0  0            0       244490          628           47    0    0     1     0    0    0   3   0  97   0   0 2022-12-18 12:08:44
prod-013:  0  0            0       244825          595           58    0    0     0     0    0    0   4   0  96   0   0 2022-12-18 12:08:44
prod-014:  0  0            0       244987          591           50    0    0     0     0    0    0   4   0  96   0   0 2022-12-18 12:08:44
prod-003: 2.11 2.08 8.24 1/2355 3037420
prod-005: 0.02 1.11 7.74 1/2198 2785465
prod-006: 0.33 1.22 7.90 1/2355 3968604
prod-007: 0.21 1.19 7.84 1/2268 1737847
prod-008: 0.31 1.21 7.58 1/2275 3855353
prod-009: 0.36 1.25 7.59 1/2373 909872
prod-010: 0.51 1.31 7.78 1/2363 1021761
prod-011: 0.04 1.08 7.54 1/2310 920506
prod-012: 0.31 1.26 7.77 1/2151 2783862
prod-013: 0.40 1.25 7.70 1/2190 386375
prod-014: 0.22 1.15 7.56 1/2185 4039863
Node       procs -----------------------memory---------------------- ---swap-- -----io---- -system-- --------cpu-------- -----timestamp-----
            r  b         swpd         free        inact       active   si   so    bi    bo   in   cs  us  sy  id  wa  st                 CET
prod-003:  1  0            0       242600          758           53    0    0     5     0    0    0  20   2  77   0   0 2022-12-18 12:08:51
prod-005:  0  0            0       244597          688           50    0    0     5     0    0    0  15   2  84   0   0 2022-12-18 12:08:51
prod-006:  0  0            0       243830          715           53    0    0     4     0    0    0   8   1  91   0   0 2022-12-18 12:08:51
prod-007:  0  0            0       243879          688           53    0    0     3     0    0    0   8   1  91   0   0 2022-12-18 12:08:51
prod-008:  0  0            0       243863          654           49    0    0     2     3    0    0   4   1  95   0   0 2022-12-18 12:08:51
prod-009:  0  0            0       243884          699           56    0    0     1     0    0    0   4   0  96   0   0 2022-12-18 12:08:51
prod-010:  0  0            0       244106          723           60    0    0     1     0    0    0   2   0  97   0   0 2022-12-18 12:08:51
prod-011:  0  0            0       244296          648           50    0    0     1     0    0    0   3   0  97   0   0 2022-12-18 12:08:51
prod-012:  0  0            0       244490          628           47    0    0     1     0    0    0   3   0  97   0   0 2022-12-18 12:08:51
prod-013:  0  0            0       244824          595           58    0    0     0     0    0    0   4   0  96   0   0 2022-12-18 12:08:51
prod-014:  0  0            0       244989          591           50    0    0     0     0    0    0   4   0  96   0   0 2022-12-18 12:08:51
prod-003: 11.31 3.99 8.79 3/2603 3038632
prod-005: 0.02 1.07 7.65 15/2441 2785888
prod-006: 9.81 3.15 8.45 2/2598 3969027
prod-007: 9.71 3.13 8.40 4/2511 1738270
prod-008: 0.37 1.21 7.54 2/2518 3855776
prod-009: 0.41 1.24 7.55 21/2617 910296
prod-010: 9.31 3.11 8.29 11/2703 1022281
prod-011: 0.04 1.06 7.50 1/2553 920929
prod-012: 2.51 1.68 7.83 1/2394 2784283
prod-013: 0.45 1.24 7.66 35/2431 386797
prod-014: 0.28 1.14 7.53 25/2460 4040316
Node       procs -----------------------memory---------------------- ---swap-- -----io---- -system-- --------cpu-------- -----timestamp-----
            r  b         swpd         free        inact       active   si   so    bi    bo   in   cs  us  sy  id  wa  st                 CET
prod-003: 119  0            0       232784        10339           79    0    0     5     0    0    0  20   2  77   0   0 2022-12-18 12:08:59
prod-005: 119  0            0       235062         9983           77    0    0     5     0    0    0  15   2  84   0   0 2022-12-18 12:08:59
prod-006: 118  0            0       234339         9955           79    0    0     4     0    0    0   8   1  91   0   0 2022-12-18 12:08:59
prod-007: 89  0            0       234284        10037           79    0    0     3     0    0    0   8   1  91   0   0 2022-12-18 12:08:59
prod-008: 118  0            0       234460         9806           77    0    0     2     3    0    0   4   1  95   0   0 2022-12-18 12:08:59
prod-009: 119  0            0       234559         9774           84    0    0     1     0    0    0   4   0  96   0   0 2022-12-18 12:08:59
prod-010: 98  0            0       234610         9970           87    0    0     1     0    0    0   2   0  97   0   0 2022-12-18 12:08:59
prod-011: 118  0            0       234936         9763           78    0    0     1     0    0    0   3   0  97   0   0 2022-12-18 12:08:59
prod-012: 119  0            0       234957         9917           74    0    0     1     0    0    0   3   0  97   0   0 2022-12-18 12:08:59
prod-013: 118  0            0       235522         9647           89    0    0     0     0    0    0   4   0  96   0   0 2022-12-18 12:08:59
prod-014: 118  0            0       235669         9659           78    0    0     0     0    0    0   4   0  96   0   0 2022-12-18 12:08:59
Node       procs -----------------------memory---------------------- ---swap-- -----io---- -system-- --------cpu-------- -----timestamp-----
            r  b         swpd         free        inact       active   si   so    bi    bo   in   cs  us  sy  id  wa  st                 CET
